Cuda device: 0
======= Start memory test =======
CHK_ENV: 
gpu100 doesn't exist, create it...
Collecting package metadata (current_repodata.json): ...working... done
Solving environment: ...working... failed with repodata from current_repodata.json, will retry with next repodata source.
Collecting package metadata (repodata.json): ...working... done
Solving environment: ...working... done

## Package Plan ##

  environment location: /work/mmalekis/.conda/envs/gpu100

  added / updated specs:
    - cudatoolkit
    - isort
    - python=3.6
    - tensorflow-gpu


The following packages will be downloaded:

    package                    |            build
    ---------------------------|-----------------
    isort-5.9.3                |     pyhd3eb1b0_0          81 KB  anaconda
    ------------------------------------------------------------
                                           Total:          81 KB

The following NEW packages will be INSTALLED:

  _libgcc_mutex      anaconda/linux-64::_libgcc_mutex-0.1-main
  _openmp_mutex      anaconda/linux-64::_openmp_mutex-5.1-1_gnu
  _tflow_select      anaconda/linux-64::_tflow_select-2.1.0-gpu
  absl-py            anaconda/noarch::absl-py-0.15.0-pyhd3eb1b0_0
  aiohttp            anaconda/linux-64::aiohttp-3.7.4.post0-py36h7f8727e_2
  astor              anaconda/linux-64::astor-0.8.1-py36h06a4308_0
  astunparse         anaconda/noarch::astunparse-1.6.3-py_0
  async-timeout      anaconda/linux-64::async-timeout-3.0.1-py36h06a4308_0
  attrs              anaconda/noarch::attrs-21.4.0-pyhd3eb1b0_0
  blas               anaconda/linux-64::blas-1.0-mkl
  blinker            anaconda/linux-64::blinker-1.4-py36h06a4308_0
  brotlipy           anaconda/linux-64::brotlipy-0.7.0-py36h27cfd23_1003
  c-ares             anaconda/linux-64::c-ares-1.18.1-h7f8727e_0
  ca-certificates    anaconda/linux-64::ca-certificates-2022.07.19-h06a4308_0
  cachetools         anaconda/noarch::cachetools-4.2.2-pyhd3eb1b0_0
  certifi            anaconda/linux-64::certifi-2021.5.30-py36h06a4308_0
  cffi               anaconda/linux-64::cffi-1.14.6-py36h400218f_0
  chardet            anaconda/linux-64::chardet-4.0.0-py36h06a4308_1003
  charset-normalizer anaconda/noarch::charset-normalizer-2.0.4-pyhd3eb1b0_0
  click              anaconda/noarch::click-8.0.3-pyhd3eb1b0_0
  coverage           anaconda/linux-64::coverage-5.5-py36h27cfd23_2
  cryptography       anaconda/linux-64::cryptography-35.0.0-py36hd23ed53_0
  cudatoolkit        anaconda/linux-64::cudatoolkit-10.1.243-h6bb024c_0
  cudnn              anaconda/linux-64::cudnn-7.6.5-cuda10.1_0
  cupti              anaconda/linux-64::cupti-10.1.168-0
  cython             anaconda/linux-64::cython-0.29.24-py36h295c915_0
  dataclasses        anaconda/noarch::dataclasses-0.8-pyh4f3eec9_6
  gast               anaconda/noarch::gast-0.3.3-py_0
  google-auth        anaconda/noarch::google-auth-2.6.0-pyhd3eb1b0_0
  google-auth-oauth~ anaconda/noarch::google-auth-oauthlib-0.4.4-pyhd3eb1b0_0
  google-pasta       anaconda/noarch::google-pasta-0.2.0-pyhd3eb1b0_0
  grpcio             anaconda/linux-64::grpcio-1.36.1-py36h2157cd5_1
  h5py               anaconda/linux-64::h5py-2.10.0-py36hd6299e0_1
  hdf5               anaconda/linux-64::hdf5-1.10.6-hb1b8bf9_0
  idna               anaconda/noarch::idna-3.3-pyhd3eb1b0_0
  idna_ssl           anaconda/linux-64::idna_ssl-1.1.0-py36h06a4308_0
  importlib-metadata anaconda/linux-64::importlib-metadata-4.8.1-py36h06a4308_0
  intel-openmp       anaconda/linux-64::intel-openmp-2022.0.1-h06a4308_3633
  isort              anaconda/noarch::isort-5.9.3-pyhd3eb1b0_0
  keras-preprocessi~ anaconda/noarch::keras-preprocessing-1.1.2-pyhd3eb1b0_0
  ld_impl_linux-64   anaconda/linux-64::ld_impl_linux-64-2.38-h1181459_1
  libffi             anaconda/linux-64::libffi-3.3-he6710b0_2
  libgcc-ng          anaconda/linux-64::libgcc-ng-11.2.0-h1234567_1
  libgfortran-ng     anaconda/linux-64::libgfortran-ng-7.5.0-ha8ba4b0_17
  libgfortran4       anaconda/linux-64::libgfortran4-7.5.0-ha8ba4b0_17
  libgomp            anaconda/linux-64::libgomp-11.2.0-h1234567_1
  libprotobuf        anaconda/linux-64::libprotobuf-3.17.2-h4ff587b_1
  libstdcxx-ng       anaconda/linux-64::libstdcxx-ng-11.2.0-h1234567_1
  markdown           anaconda/linux-64::markdown-3.3.4-py36h06a4308_0
  mkl                anaconda/linux-64::mkl-2019.4-243
  mkl-service        anaconda/linux-64::mkl-service-2.3.0-py36he8ac12f_0
  mkl_fft            anaconda/linux-64::mkl_fft-1.3.0-py36h54f3939_0
  mkl_random         anaconda/linux-64::mkl_random-1.1.0-py36hd6b4f25_0
  multidict          anaconda/linux-64::multidict-5.1.0-py36h27cfd23_2
  ncurses            anaconda/linux-64::ncurses-6.3-h5eee18b_3
  numpy              anaconda/linux-64::numpy-1.19.2-py36h54aff64_0
  numpy-base         anaconda/linux-64::numpy-base-1.19.2-py36hfa32c7d_0
  oauthlib           anaconda/noarch::oauthlib-3.1.0-py_0
  openssl            anaconda/linux-64::openssl-1.1.1q-h7f8727e_0
  opt_einsum         anaconda/noarch::opt_einsum-3.3.0-pyhd3eb1b0_1
  pip                anaconda/linux-64::pip-21.2.2-py36h06a4308_0
  protobuf           anaconda/linux-64::protobuf-3.17.2-py36h295c915_0
  pyasn1             anaconda/noarch::pyasn1-0.4.8-pyhd3eb1b0_0
  pyasn1-modules     anaconda/noarch::pyasn1-modules-0.2.8-py_0
  pycparser          anaconda/noarch::pycparser-2.21-pyhd3eb1b0_0
  pyjwt              anaconda/linux-64::pyjwt-1.7.1-py36_0
  pyopenssl          anaconda/noarch::pyopenssl-22.0.0-pyhd3eb1b0_0
  pysocks            anaconda/linux-64::pysocks-1.7.1-py36h06a4308_0
  python             anaconda/linux-64::python-3.6.13-h12debd9_1
  readline           anaconda/linux-64::readline-8.1.2-h7f8727e_1
  requests           anaconda/noarch::requests-2.27.1-pyhd3eb1b0_0
  requests-oauthlib  anaconda/noarch::requests-oauthlib-1.3.0-py_0
  rsa                anaconda/noarch::rsa-4.7.2-pyhd3eb1b0_1
  scipy              anaconda/linux-64::scipy-1.5.2-py36h0b6359f_0
  setuptools         anaconda/linux-64::setuptools-58.0.4-py36h06a4308_0
  six                anaconda/noarch::six-1.16.0-pyhd3eb1b0_1
  sqlite             anaconda/linux-64::sqlite-3.39.2-h5082296_0
  tensorboard        anaconda/noarch::tensorboard-2.4.0-pyhc547734_0
  tensorboard-plugi~ anaconda/noarch::tensorboard-plugin-wit-1.6.0-py_0
  tensorflow         anaconda/linux-64::tensorflow-2.2.0-gpu_py36hf933387_0
  tensorflow-base    anaconda/linux-64::tensorflow-base-2.2.0-gpu_py36h8a81be8_0
  tensorflow-estima~ anaconda/noarch::tensorflow-estimator-2.6.0-pyh7b7c402_0
  tensorflow-gpu     anaconda/linux-64::tensorflow-gpu-2.2.0-h0d30ee6_0
  termcolor          anaconda/linux-64::termcolor-1.1.0-py36h06a4308_1
  tk                 anaconda/linux-64::tk-8.6.12-h1ccaba5_0
  typing-extensions  anaconda/noarch::typing-extensions-4.1.1-hd3eb1b0_0
  typing_extensions  anaconda/noarch::typing_extensions-4.1.1-pyh06a4308_0
  urllib3            anaconda/noarch::urllib3-1.26.8-pyhd3eb1b0_0
  werkzeug           anaconda/noarch::werkzeug-2.0.3-pyhd3eb1b0_0
  wheel              anaconda/noarch::wheel-0.37.1-pyhd3eb1b0_0
  wrapt              anaconda/linux-64::wrapt-1.12.1-py36h7b6447c_1
  xz                 anaconda/linux-64::xz-5.2.5-h7f8727e_1
  yarl               anaconda/linux-64::yarl-1.6.3-py36h27cfd23_0
  zipp               anaconda/noarch::zipp-3.6.0-pyhd3eb1b0_0
  zlib               anaconda/linux-64::zlib-1.2.12-h7f8727e_2



Downloading and Extracting Packages
isort-5.9.3          | 81 KB     |            |   0% isort-5.9.3          | 81 KB     | #9         |  20% isort-5.9.3          | 81 KB     | ########## | 100% isort-5.9.3          | 81 KB     | ########## | 100% 
Preparing transaction: ...working... done
Verifying transaction: ...working... done
Executing transaction: ...working... done
#
# To activate this environment, use
#
#     $ conda activate gpu100
#
# To deactivate an active environment, use
#
#     $ conda deactivate

